Using pre-set license
Built from '2020.3/staging' branch; Version is '2020.3.5f1 (8095aa901b9b) revision 8426922'; Using compiler version '192528614'; Build Type 'Release'
OS: 'Windows 10 Home Single Language; OS build 19042.928; Version 2009; 64bit' Language: 'en' Physical Memory: 15789 MB
BatchMode: 1, IsHumanControllingUs: 0, StartBugReporterOnCrash: 0, Is64bit: 1, IsPro: 0

 COMMAND LINE ARGUMENTS:
D:\Program Files (x86)\Unity\2020.3.5f1\Editor\Unity.exe
-adb2
-batchMode
-noUpm
-name
AssetImportWorker0
-projectPath
D:/UnityProjects/Bend the world
-logFile
Logs/AssetImportWorker0.log
-srvPort
57207
Successfully changed project path to: D:/UnityProjects/Bend the world
D:/UnityProjects/Bend the world
Using Asset Import Pipeline V2.
Refreshing native plugins compatible for Editor in 19.39 ms, found 0 plugins.
Preloading 0 native plugins for Editor in 0.00 ms.
Initialize engine version: 2020.3.5f1 (8095aa901b9b)
[Subsystems] Discovering subsystems at path D:/Program Files (x86)/Unity/2020.3.5f1/Editor/Data/Resources/UnitySubsystems
[Subsystems] Discovering subsystems at path D:/UnityProjects/Bend the world/Assets
GfxDevice: creating device client; threaded=0
Direct3D:
    Version:  Direct3D 11.0 [level 11.1]
    Renderer: NVIDIA GeForce GTX 1660 Ti with Max-Q Design (ID=0x2191)
    Vendor:   
    VRAM:     5991 MB
    Driver:   27.21.14.6172
Initialize mono
Mono path[0] = 'D:/Program Files (x86)/Unity/2020.3.5f1/Editor/Data/Managed'
Mono path[1] = 'D:/Program Files (x86)/Unity/2020.3.5f1/Editor/Data/MonoBleedingEdge/lib/mono/unityjit'
Mono config path = 'D:/Program Files (x86)/Unity/2020.3.5f1/Editor/Data/MonoBleedingEdge/etc'
Using monoOptions --debugger-agent=transport=dt_socket,embedding=1,server=y,suspend=n,address=127.0.0.1:56016
Begin MonoManager ReloadAssembly
Registering precompiled unity dll's ...
Register platform support module: D:/Program Files (x86)/Unity/2020.3.5f1/Editor/Data/PlaybackEngines/WebGLSupport/UnityEditor.WebGL.Extensions.dll
Register platform support module: D:/Program Files (x86)/Unity/2020.3.5f1/Editor/Data/PlaybackEngines/WindowsStandaloneSupport/UnityEditor.WindowsStandalone.Extensions.dll
Registered in 0.001169 seconds.
Native extension for WindowsStandalone target not found
Native extension for WebGL target not found
Refreshing native plugins compatible for Editor in 20.28 ms, found 0 plugins.
Preloading 0 native plugins for Editor in 0.00 ms.
Mono: successfully reloaded assembly
- Completed reload, in  0.992 seconds
Platform modules already initialized, skipping
Registering precompiled user dll's ...
Registered in 0.000626 seconds.
Begin MonoManager ReloadAssembly
Native extension for WindowsStandalone target not found
Native extension for WebGL target not found
Refreshing native plugins compatible for Editor in 0.20 ms, found 0 plugins.
Preloading 0 native plugins for Editor in 0.00 ms.
Mono: successfully reloaded assembly
- Completed reload, in  0.692 seconds
Platform modules already initialized, skipping
========================================================================
Worker process is ready to serve import requests
Launched and connected shader compiler UnityShaderCompiler.exe after 0.04 seconds
Refreshing native plugins compatible for Editor in 0.19 ms, found 0 plugins.
Preloading 0 native plugins for Editor in 0.00 ms.
Unloading 1115 Unused Serialized files (Serialized files now loaded: 0)
System memory in use before: 57.2 MB.
System memory in use after: 57.2 MB.

Unloading 10 unused Assets to reduce memory usage. Loaded Objects now: 1557.
Total: 1.759500 ms (FindLiveObjects: 0.178200 ms CreateObjectMapping: 0.026700 ms MarkObjects: 1.476900 ms  DeleteObjects: 0.075800 ms)

========================================================================
Received Import Request.
  path: Assets
  artifactKey: Guid(00000000000000001000000000000000) Importer(815301076,1909f56bfc062723c751e8b465ee728b)
Start importing Assets using Guid(00000000000000001000000000000000) Importer(815301076,1909f56bfc062723c751e8b465ee728b)  -> (artifact id: 'e4856052512617ee48189cf1d7999900') in 0.008267 seconds
  Import took 0.011149 seconds .

========================================================================
Received Import Request.
  Time since last request: 1.401420 seconds.
  path: Assets/Shaders
  artifactKey: Guid(5798db988f959124f804eb08739e5af0) Importer(815301076,1909f56bfc062723c751e8b465ee728b)
Start importing Assets/Shaders using Guid(5798db988f959124f804eb08739e5af0) Importer(815301076,1909f56bfc062723c751e8b465ee728b)  -> (artifact id: 'e905190522c642a9eea13966e506c2c8') in 0.007059 seconds
  Import took 0.010259 seconds .

========================================================================
Received Import Request.
  Time since last request: 17.662371 seconds.
  path: Assets/Shaders/bend-shader.shader
  artifactKey: Guid(f35814b335bd64f4db08917a6237d163) Importer(815301076,1909f56bfc062723c751e8b465ee728b)
Start importing Assets/Shaders/bend-shader.shader using Guid(f35814b335bd64f4db08917a6237d163) Importer(815301076,1909f56bfc062723c751e8b465ee728b)  -> (artifact id: '8f110ea3086a4d102e36d65f47e9b0f8') in 0.033014 seconds
  Import took 0.035481 seconds .

========================================================================
Received Import Request.
  Time since last request: 0.001092 seconds.
  path: Assets/Shaders/bend-shader.shader
  artifactKey: Guid(f35814b335bd64f4db08917a6237d163) Importer(815301076,1909f56bfc062723c751e8b465ee728b)
Start importing Assets/Shaders/bend-shader.shader using Guid(f35814b335bd64f4db08917a6237d163) Importer(815301076,1909f56bfc062723c751e8b465ee728b)  -> (artifact id: '8f110ea3086a4d102e36d65f47e9b0f8') in 0.004056 seconds
  Import took 0.005941 seconds .

========================================================================
Received Import Request.
  Time since last request: 111.086818 seconds.
  path: Assets/Shaders/bend-shader.shader
  artifactKey: Guid(f35814b335bd64f4db08917a6237d163) Importer(815301076,1909f56bfc062723c751e8b465ee728b)
Start importing Assets/Shaders/bend-shader.shader using Guid(f35814b335bd64f4db08917a6237d163) Importer(815301076,1909f56bfc062723c751e8b465ee728b)  -> (artifact id: 'c6ee2bbbec4bbe0c1115d720343f5ec1') in 0.007955 seconds
  Import took 0.009805 seconds .

========================================================================
Received Prepare
Registering precompiled user dll's ...
Registered in 0.000633 seconds.
Begin MonoManager ReloadAssembly
Native extension for WindowsStandalone target not found
Native extension for WebGL target not found
Refreshing native plugins compatible for Editor in 0.30 ms, found 0 plugins.
Preloading 0 native plugins for Editor in 0.00 ms.
Mono: successfully reloaded assembly
- Completed reload, in  0.700 seconds
Platform modules already initialized, skipping
Refreshing native plugins compatible for Editor in 0.20 ms, found 0 plugins.
Preloading 0 native plugins for Editor in 0.00 ms.
Unloading 1112 Unused Serialized files (Serialized files now loaded: 0)
System memory in use before: 57.9 MB.
System memory in use after: 57.7 MB.

Unloading 6 unused Assets to reduce memory usage. Loaded Objects now: 1562.
Total: 1.689300 ms (FindLiveObjects: 0.144000 ms CreateObjectMapping: 0.025200 ms MarkObjects: 1.334200 ms  DeleteObjects: 0.184100 ms)

========================================================================
Received Prepare
Registering precompiled user dll's ...
Registered in 0.000632 seconds.
Begin MonoManager ReloadAssembly
Native extension for WindowsStandalone target not found
Native extension for WebGL target not found
Refreshing native plugins compatible for Editor in 0.20 ms, found 0 plugins.
Preloading 0 native plugins for Editor in 0.00 ms.
Mono: successfully reloaded assembly
- Completed reload, in  0.665 seconds
Platform modules already initialized, skipping
Refreshing native plugins compatible for Editor in 0.20 ms, found 0 plugins.
Preloading 0 native plugins for Editor in 0.00 ms.
Unloading 1111 Unused Serialized files (Serialized files now loaded: 0)
System memory in use before: 57.8 MB.
System memory in use after: 57.6 MB.

Unloading 6 unused Assets to reduce memory usage. Loaded Objects now: 1565.
Total: 2.669200 ms (FindLiveObjects: 0.436600 ms CreateObjectMapping: 0.120000 ms MarkObjects: 1.909200 ms  DeleteObjects: 0.200400 ms)

========================================================================
Received Prepare
Registering precompiled user dll's ...
Registered in 0.000639 seconds.
Begin MonoManager ReloadAssembly
Native extension for WindowsStandalone target not found
Native extension for WebGL target not found
Refreshing native plugins compatible for Editor in 0.23 ms, found 0 plugins.
Preloading 0 native plugins for Editor in 0.00 ms.
Mono: successfully reloaded assembly
- Completed reload, in  0.707 seconds
Platform modules already initialized, skipping
Refreshing native plugins compatible for Editor in 0.22 ms, found 0 plugins.
Preloading 0 native plugins for Editor in 0.00 ms.
Unloading 1111 Unused Serialized files (Serialized files now loaded: 0)
System memory in use before: 57.9 MB.
System memory in use after: 57.7 MB.

Unloading 6 unused Assets to reduce memory usage. Loaded Objects now: 1568.
Total: 2.123600 ms (FindLiveObjects: 0.232700 ms CreateObjectMapping: 0.026900 ms MarkObjects: 1.549100 ms  DeleteObjects: 0.313300 ms)

========================================================================
Received Prepare
Registering precompiled user dll's ...
Registered in 0.000607 seconds.
Begin MonoManager ReloadAssembly
Native extension for WindowsStandalone target not found
Native extension for WebGL target not found
Refreshing native plugins compatible for Editor in 0.25 ms, found 0 plugins.
Preloading 0 native plugins for Editor in 0.00 ms.
Mono: successfully reloaded assembly
- Completed reload, in  0.694 seconds
Platform modules already initialized, skipping
Refreshing native plugins compatible for Editor in 0.31 ms, found 0 plugins.
Preloading 0 native plugins for Editor in 0.00 ms.
Unloading 1111 Unused Serialized files (Serialized files now loaded: 0)
System memory in use before: 57.9 MB.
System memory in use after: 57.7 MB.

Unloading 6 unused Assets to reduce memory usage. Loaded Objects now: 1571.
Total: 1.986000 ms (FindLiveObjects: 0.152800 ms CreateObjectMapping: 0.028500 ms MarkObjects: 1.584700 ms  DeleteObjects: 0.218500 ms)

========================================================================
Received Import Request.
  Time since last request: 3527.876714 seconds.
  path: Assets/Shaders/bend-shader.shader
  artifactKey: Guid(f35814b335bd64f4db08917a6237d163) Importer(815301076,1909f56bfc062723c751e8b465ee728b)
Start importing Assets/Shaders/bend-shader.shader using Guid(f35814b335bd64f4db08917a6237d163) Importer(815301076,1909f56bfc062723c751e8b465ee728b)  -> (artifact id: 'd2c65899b09b3e04d9f365466c513189') in 0.012441 seconds
  Import took 0.014470 seconds .

========================================================================
Received Import Request.
  Time since last request: 735.839902 seconds.
  path: Assets/dcrbmun-38493001-d0cc-4bd6-9acb-2bf1109b488b.jpg
  artifactKey: Guid(2a013c47d77992a4aa457ca203132ff1) Importer(815301076,1909f56bfc062723c751e8b465ee728b)
Start importing Assets/dcrbmun-38493001-d0cc-4bd6-9acb-2bf1109b488b.jpg using Guid(2a013c47d77992a4aa457ca203132ff1) Importer(815301076,1909f56bfc062723c751e8b465ee728b)  -> (artifact id: 'bcb6e4b401b3e95e4188259e961322c6') in 0.048257 seconds
  Import took 0.050097 seconds .

========================================================================
Received Import Request.
  Time since last request: 0.001900 seconds.
  path: Assets/dcrbmun-38493001-d0cc-4bd6-9acb-2bf1109b488b.jpg
  artifactKey: Guid(2a013c47d77992a4aa457ca203132ff1) Importer(815301076,1909f56bfc062723c751e8b465ee728b)
Start importing Assets/dcrbmun-38493001-d0cc-4bd6-9acb-2bf1109b488b.jpg using Guid(2a013c47d77992a4aa457ca203132ff1) Importer(815301076,1909f56bfc062723c751e8b465ee728b)  -> (artifact id: 'bcb6e4b401b3e95e4188259e961322c6') in 0.012248 seconds
  Import took 0.014110 seconds .

========================================================================
Received Import Request.
  Time since last request: 418.132697 seconds.
  path: Assets/Shaders/bend-shader.shader
  artifactKey: Guid(f35814b335bd64f4db08917a6237d163) Importer(815301076,1909f56bfc062723c751e8b465ee728b)
Start importing Assets/Shaders/bend-shader.shader using Guid(f35814b335bd64f4db08917a6237d163) Importer(815301076,1909f56bfc062723c751e8b465ee728b)  -> (artifact id: 'b5163b192a3c6a774398af3ba4a10807') in 0.004752 seconds
  Import took 0.007729 seconds .

========================================================================
Received Import Request.
  Time since last request: 0.002517 seconds.
  path: Assets/Material/World.mat
  artifactKey: Guid(1fb638c0ad713b44ebbc6042be61df96) Importer(815301076,1909f56bfc062723c751e8b465ee728b)
Start importing Assets/Material/World.mat using Guid(1fb638c0ad713b44ebbc6042be61df96) Importer(815301076,1909f56bfc062723c751e8b465ee728b)  -> (artifact id: '320873b0be104eb3588a4f7972e944c9') in 0.068394 seconds
  Import took 0.070872 seconds .

